<?xml version="1.0" encoding="UTF-8"?>
<!-- Generated by org.testng.reporters.JUnitReportReporter -->
<testsuite skipped="0" hostname="DESKTOP-GS5ECRN" name="TestV3.Banks" tests="4" failures="0" timestamp="2020-07-03T11:13:32 IST" time="33.001" errors="0">
  <testcase name="testCreateBank" time="15.710" classname="TestV3.Banks"/>
  <system-out>
Success !  </system-out>
  <testcase name="testCreateBank1" time="5.805" classname="TestV3.Banks"/>
  <system-out>
Error! Bank Name Is Mandatory  </system-out>
  <testcase name="testCreateBank2" time="6.918" classname="TestV3.Banks"/>
  <system-out>
Error! "BankName is already exists"  </system-out>
  <testcase name="testbankDetails" time="4.568" classname="TestV3.Banks"/>
  <system-out/>
</testsuite> <!-- TestV3.Banks -->
