<?xml version="1.0" encoding="UTF-8"?>
<!-- Generated by org.testng.reporters.JUnitReportReporter -->
<testsuite skipped="0" hostname="DESKTOP-GS5ECRN" name="TestV3.Groups" tests="1" failures="0" timestamp="2020-06-23T09:45:39 IST" time="19.220" errors="0">
  <testcase name="testGroups" time="19.220" classname="TestV3.Groups"/>
  <system-out/>
</testsuite> <!-- TestV3.Groups -->
