<?xml version="1.0" encoding="UTF-8"?>
<!-- Generated by org.testng.reporters.JUnitReportReporter -->
<testsuite skipped="0" hostname="DESKTOP-GS5ECRN" name="TestV3.Source" tests="1" failures="0" timestamp="2020-06-25T19:03:23 IST" time="37.068" errors="0">
  <testcase name="testsource" time="37.068" classname="TestV3.Source"/>
  <system-out>
Error! Source Name Is Mandatory  </system-out>
</testsuite> <!-- TestV3.Source -->
